# JRE version: OpenJDK Runtime Environment (8.0_152-b02) (build 1.8.0_152-release-1024-b02)
# Java VM: OpenJDK 64-Bit Server VM (25.152-b02 mixed mode windows-amd64 compressed oops)
Heap:
 PSYoungGen      total 252928K, used 192405K [0x00000000e0000000, 0x00000000f2400000, 0x0000000100000000)
  eden space 226816K, 80% used [0x00000000e0000000,0x00000000eb307e50,0x00000000edd80000)
  from space 26112K, 34% used [0x00000000edd80000,0x00000000ee65d900,0x00000000ef700000)
  to   space 26112K, 0% used [0x00000000f0a80000,0x00000000f0a80000,0x00000000f2400000)
 ParOldGen       total 267776K, used 43230K [0x00000000a0000000, 0x00000000b0580000, 0x00000000e0000000)
  object space 267776K, 16% used [0x00000000a0000000,0x00000000a2a378c0,0x00000000b0580000)
 Metaspace       used 68002K, capacity 70958K, committed 71296K, reserved 1112064K
  class space    used 8833K, capacity 9496K, committed 9600K, reserved 1048576K
GC Heap History (10 events):
Event: 8.829 GC heap before
{Heap before GC invocations=10 (full 2):
 PSYoungGen      total 145408K, used 145395K [0x00000000e0000000, 0x00000000ed480000, 0x0000000100000000)
  eden space 131072K, 100% used [0x00000000e0000000,0x00000000e8000000,0x00000000e8000000)
  from space 14336K, 99% used [0x00000000e8000000,0x00000000e8dfcea8,0x00000000e8e00000)
  to   space 16384K, 0% used [0x00000000ec480000,0x00000000ec480000,0x00000000ed480000)
 ParOldGen       total 177664K, used 18120K [0x00000000a0000000, 0x00000000aad80000, 0x00000000e0000000)
  object space 177664K, 10% used [0x00000000a0000000,0x00000000a11b2020,0x00000000aad80000)
 Metaspace       used 55347K, capacity 57092K, committed 57216K, reserved 1097728K
  class space    used 7566K, capacity 8031K, committed 8064K, reserved 1048576K
Event: 8.844 GC heap after
Heap after GC invocations=10 (full 2):
 PSYoungGen      total 197120K, used 16372K [0x00000000e0000000, 0x00000000eda00000, 0x0000000100000000)
  eden space 180736K, 0% used [0x00000000e0000000,0x00000000e0000000,0x00000000eb080000)
  from space 16384K, 99% used [0x00000000ec480000,0x00000000ed47d290,0x00000000ed480000)
  to   space 20480K, 0% used [0x00000000eb080000,0x00000000eb080000,0x00000000ec480000)
 ParOldGen       total 177664K, used 22701K [0x00000000a0000000, 0x00000000aad80000, 0x00000000e0000000)
  object space 177664K, 12% used [0x00000000a0000000,0x00000000a162b478,0x00000000aad80000)
 Metaspace       used 55347K, capacity 57092K, committed 57216K, reserved 1097728K
  class space    used 7566K, capacity 8031K, committed 8064K, reserved 1048576K
}
Event: 9.606 GC heap before
{Heap before GC invocations=11 (full 2):
 PSYoungGen      total 197120K, used 128192K [0x00000000e0000000, 0x00000000eda00000, 0x0000000100000000)
  eden space 180736K, 61% used [0x00000000e0000000,0x00000000e6d32fb8,0x00000000eb080000)
  from space 16384K, 99% used [0x00000000ec480000,0x00000000ed47d290,0x00000000ed480000)
  to   space 20480K, 0% used [0x00000000eb080000,0x00000000eb080000,0x00000000ec480000)
 ParOldGen       total 177664K, used 22701K [0x00000000a0000000, 0x00000000aad80000, 0x00000000e0000000)
  object space 177664K, 12% used [0x00000000a0000000,0x00000000a162b478,0x00000000aad80000)
 Metaspace       used 57064K, capacity 58964K, committed 59008K, reserved 1099776K
  class space    used 7820K, capacity 8306K, committed 8320K, reserved 1048576K
Event: 9.633 GC heap after
Heap after GC invocations=11 (full 2):
 PSYoungGen      total 201216K, used 20478K [0x00000000e0000000, 0x00000000f1780000, 0x0000000100000000)
  eden space 180736K, 0% used [0x00000000e0000000,0x00000000e0000000,0x00000000eb080000)
  from space 20480K, 99% used [0x00000000eb080000,0x00000000ec47fa10,0x00000000ec480000)
  to   space 25600K, 0% used [0x00000000efe80000,0x00000000efe80000,0x00000000f1780000)
 ParOldGen       total 177664K, used 30137K [0x00000000a0000000, 0x00000000aad80000, 0x00000000e0000000)
  object space 177664K, 16% used [0x00000000a0000000,0x00000000a1d6e5d0,0x00000000aad80000)
 Metaspace       used 57064K, capacity 58964K, committed 59008K, reserved 1099776K
  class space    used 7820K, capacity 8306K, committed 8320K, reserved 1048576K
}
Event: 9.633 GC heap before
{Heap before GC invocations=12 (full 3):
 PSYoungGen      total 201216K, used 20478K [0x00000000e0000000, 0x00000000f1780000, 0x0000000100000000)
  eden space 180736K, 0% used [0x00000000e0000000,0x00000000e0000000,0x00000000eb080000)
  from space 20480K, 99% used [0x00000000eb080000,0x00000000ec47fa10,0x00000000ec480000)
  to   space 25600K, 0% used [0x00000000efe80000,0x00000000efe80000,0x00000000f1780000)
 ParOldGen       total 177664K, used 30137K [0x00000000a0000000, 0x00000000aad80000, 0x00000000e0000000)
  object space 177664K, 16% used [0x00000000a0000000,0x00000000a1d6e5d0,0x00000000aad80000)
 Metaspace       used 57064K, capacity 58964K, committed 59008K, reserved 1099776K
  class space    used 7820K, capacity 8306K, committed 8320K, reserved 1048576K
Event: 9.867 GC heap after
Heap after GC invocations=12 (full 3):
 PSYoungGen      total 201216K, used 0K [0x00000000e0000000, 0x00000000f1780000, 0x0000000100000000)
  eden space 180736K, 0% used [0x00000000e0000000,0x00000000e0000000,0x00000000eb080000)
  from space 20480K, 0% used [0x00000000eb080000,0x00000000eb080000,0x00000000ec480000)
  to   space 25600K, 0% used [0x00000000efe80000,0x00000000efe80000,0x00000000f1780000)
 ParOldGen       total 267776K, used 43214K [0x00000000a0000000, 0x00000000b0580000, 0x00000000e0000000)
  object space 267776K, 16% used [0x00000000a0000000,0x00000000a2a338c0,0x00000000b0580000)
 Metaspace       used 57064K, capacity 58964K, committed 59008K, reserved 1099776K
  class space    used 7820K, capacity 8306K, committed 8320K, reserved 1048576K
}
Event: 25.157 GC heap before
{Heap before GC invocations=13 (full 3):
 PSYoungGen      total 201216K, used 180736K [0x00000000e0000000, 0x00000000f1780000, 0x0000000100000000)
  eden space 180736K, 100% used [0x00000000e0000000,0x00000000eb080000,0x00000000eb080000)
  from space 20480K, 0% used [0x00000000eb080000,0x00000000eb080000,0x00000000ec480000)
  to   space 25600K, 0% used [0x00000000efe80000,0x00000000efe80000,0x00000000f1780000)
 ParOldGen       total 267776K, used 43214K [0x00000000a0000000, 0x00000000b0580000, 0x00000000e0000000)
  object space 267776K, 16% used [0x00000000a0000000,0x00000000a2a338c0,0x00000000b0580000)
 Metaspace       used 64011K, capacity 66288K, committed 66432K, reserved 1105920K
  class space    used 8503K, capacity 9057K, committed 9088K, reserved 1048576K
Event: 25.169 GC heap after
Heap after GC invocations=13 (full 3):
 PSYoungGen      total 232960K, used 18123K [0x00000000e0000000, 0x00000000f1080000, 0x0000000100000000)
  eden space 214528K, 0% used [0x00000000e0000000,0x00000000e0000000,0x00000000ed180000)
  from space 18432K, 98% used [0x00000000efe80000,0x00000000f1032c70,0x00000000f1080000)
  to   space 26112K, 0% used [0x00000000edd80000,0x00000000edd80000,0x00000000ef700000)
 ParOldGen       total 267776K, used 43222K [0x00000000a0000000, 0x00000000b0580000, 0x00000000e0000000)
  object space 267776K, 16% used [0x00000000a0000000,0x00000000a2a358c0,0x00000000b0580000)
 Metaspace       used 64011K, capacity 66288K, committed 66432K, reserved 1105920K
  class space    used 8503K, capacity 9057K, committed 9088K, reserved 1048576K
}
Event: 421.371 GC heap before
{Heap before GC invocations=14 (full 3):
 PSYoungGen      total 232960K, used 232651K [0x00000000e0000000, 0x00000000f1080000, 0x0000000100000000)
  eden space 214528K, 100% used [0x00000000e0000000,0x00000000ed180000,0x00000000ed180000)
  from space 18432K, 98% used [0x00000000efe80000,0x00000000f1032c70,0x00000000f1080000)
  to   space 26112K, 0% used [0x00000000edd80000,0x00000000edd80000,0x00000000ef700000)
 ParOldGen       total 267776K, used 43222K [0x00000000a0000000, 0x00000000b0580000, 0x00000000e0000000)
  object space 267776K, 16% used [0x00000000a0000000,0x00000000a2a358c0,0x00000000b0580000)
 Metaspace       used 67059K, capacity 69848K, committed 70144K, reserved 1110016K
  class space    used 8776K, capacity 9412K, committed 9472K, reserved 1048576K
Event: 421.387 GC heap after
Heap after GC invocations=14 (full 3):
 PSYoungGen      total 252928K, used 9078K [0x00000000e0000000, 0x00000000f2400000, 0x0000000100000000)
  eden space 226816K, 0% used [0x00000000e0000000,0x00000000e0000000,0x00000000edd80000)
  from space 26112K, 34% used [0x00000000edd80000,0x00000000ee65d900,0x00000000ef700000)
  to   space 26112K, 0% used [0x00000000f0a80000,0x00000000f0a80000,0x00000000f2400000)
 ParOldGen       total 267776K, used 43230K [0x00000000a0000000, 0x00000000b0580000, 0x00000000e0000000)
  object space 267776K, 16% used [0x00000000a0000000,0x00000000a2a378c0,0x00000000b0580000)
 Metaspace       used 67059K, capacity 69848K, committed 70144K, reserved 1110016K
  class space    used 8776K, capacity 9412K, committed 9472K, reserved 1048576K
}

