# JRE version: OpenJDK Runtime Environment (8.0_152-b02) (build 1.8.0_152-release-1024-b02)
# Java VM: OpenJDK 64-Bit Server VM (25.152-b02 mixed mode windows-amd64 compressed oops)
Heap:
 PSYoungGen      total 159232K, used 90013K [0x00000000e0000000, 0x00000000ece80000, 0x0000000100000000)
  eden space 144896K, 52% used [0x00000000e0000000,0x00000000e4a18330,0x00000000e8d80000)
  from space 14336K, 98% used [0x00000000e9d00000,0x00000000eaacf318,0x00000000eab00000)
  to   space 15872K, 0% used [0x00000000e8d80000,0x00000000e8d80000,0x00000000e9d00000)
 ParOldGen       total 105984K, used 19602K [0x00000000a0000000, 0x00000000a6780000, 0x00000000e0000000)
  object space 105984K, 18% used [0x00000000a0000000,0x00000000a1324bf8,0x00000000a6780000)
 Metaspace       used 49729K, capacity 51196K, committed 51416K, reserved 1093632K
  class space    used 6772K, capacity 7127K, committed 7168K, reserved 1048576K
GC Heap History (10 events):
Event: 2.401 GC heap before
{Heap before GC invocations=4 (full 1):
 PSYoungGen      total 76288K, used 8732K [0x00000000e0000000, 0x00000000e9500000, 0x0000000100000000)
  eden space 65536K, 0% used [0x00000000e0000000,0x00000000e0000000,0x00000000e4000000)
  from space 10752K, 81% used [0x00000000e4000000,0x00000000e48871c8,0x00000000e4a80000)
  to   space 10752K, 0% used [0x00000000e8a80000,0x00000000e8a80000,0x00000000e9500000)
 ParOldGen       total 175104K, used 426K [0x00000000a0000000, 0x00000000aab00000, 0x00000000e0000000)
  object space 175104K, 0% used [0x00000000a0000000,0x00000000a006a9f8,0x00000000aab00000)
 Metaspace       used 20808K, capacity 21212K, committed 21248K, reserved 1067008K
  class space    used 2901K, capacity 3042K, committed 3072K, reserved 1048576K
Event: 2.431 GC heap after
Heap after GC invocations=4 (full 1):
 PSYoungGen      total 76288K, used 0K [0x00000000e0000000, 0x00000000e9500000, 0x0000000100000000)
  eden space 65536K, 0% used [0x00000000e0000000,0x00000000e0000000,0x00000000e4000000)
  from space 10752K, 0% used [0x00000000e4000000,0x00000000e4000000,0x00000000e4a80000)
  to   space 10752K, 0% used [0x00000000e8a80000,0x00000000e8a80000,0x00000000e9500000)
 ParOldGen       total 105984K, used 8571K [0x00000000a0000000, 0x00000000a6780000, 0x00000000e0000000)
  object space 105984K, 8% used [0x00000000a0000000,0x00000000a085ee98,0x00000000a6780000)
 Metaspace       used 20808K, capacity 21212K, committed 21248K, reserved 1067008K
  class space    used 2901K, capacity 3042K, committed 3072K, reserved 1048576K
}
Event: 3.239 GC heap before
{Heap before GC invocations=5 (full 1):
 PSYoungGen      total 76288K, used 65536K [0x00000000e0000000, 0x00000000e9500000, 0x0000000100000000)
  eden space 65536K, 100% used [0x00000000e0000000,0x00000000e4000000,0x00000000e4000000)
  from space 10752K, 0% used [0x00000000e4000000,0x00000000e4000000,0x00000000e4a80000)
  to   space 10752K, 0% used [0x00000000e8a80000,0x00000000e8a80000,0x00000000e9500000)
 ParOldGen       total 105984K, used 8571K [0x00000000a0000000, 0x00000000a6780000, 0x00000000e0000000)
  object space 105984K, 8% used [0x00000000a0000000,0x00000000a085ee98,0x00000000a6780000)
 Metaspace       used 26530K, capacity 27062K, committed 27136K, reserved 1073152K
  class space    used 3657K, capacity 3831K, committed 3840K, reserved 1048576K
Event: 3.246 GC heap after
Heap after GC invocations=5 (full 1):
 PSYoungGen      total 106496K, used 7365K [0x00000000e0000000, 0x00000000e9200000, 0x0000000100000000)
  eden space 98816K, 0% used [0x00000000e0000000,0x00000000e0000000,0x00000000e6080000)
  from space 7680K, 95% used [0x00000000e8a80000,0x00000000e91b1478,0x00000000e9200000)
  to   space 10752K, 0% used [0x00000000e7d00000,0x00000000e7d00000,0x00000000e8780000)
 ParOldGen       total 105984K, used 8579K [0x00000000a0000000, 0x00000000a6780000, 0x00000000e0000000)
  object space 105984K, 8% used [0x00000000a0000000,0x00000000a0860e98,0x00000000a6780000)
 Metaspace       used 26530K, capacity 27062K, committed 27136K, reserved 1073152K
  class space    used 3657K, capacity 3831K, committed 3840K, reserved 1048576K
}
Event: 4.330 GC heap before
{Heap before GC invocations=6 (full 1):
 PSYoungGen      total 106496K, used 96969K [0x00000000e0000000, 0x00000000e9200000, 0x0000000100000000)
  eden space 98816K, 90% used [0x00000000e0000000,0x00000000e57812f8,0x00000000e6080000)
  from space 7680K, 95% used [0x00000000e8a80000,0x00000000e91b1478,0x00000000e9200000)
  to   space 10752K, 0% used [0x00000000e7d00000,0x00000000e7d00000,0x00000000e8780000)
 ParOldGen       total 105984K, used 8579K [0x00000000a0000000, 0x00000000a6780000, 0x00000000e0000000)
  object space 105984K, 8% used [0x00000000a0000000,0x00000000a0860e98,0x00000000a6780000)
 Metaspace       used 34683K, capacity 35272K, committed 35416K, reserved 1079296K
  class space    used 4783K, capacity 4976K, committed 4992K, reserved 1048576K
Event: 4.339 GC heap after
Heap after GC invocations=6 (full 1):
 PSYoungGen      total 138752K, used 10751K [0x00000000e0000000, 0x00000000eab00000, 0x0000000100000000)
  eden space 128000K, 0% used [0x00000000e0000000,0x00000000e0000000,0x00000000e7d00000)
  from space 10752K, 99% used [0x00000000e7d00000,0x00000000e877fc90,0x00000000e8780000)
  to   space 14336K, 0% used [0x00000000e9d00000,0x00000000e9d00000,0x00000000eab00000)
 ParOldGen       total 105984K, used 10913K [0x00000000a0000000, 0x00000000a6780000, 0x00000000e0000000)
  object space 105984K, 10% used [0x00000000a0000000,0x00000000a0aa8540,0x00000000a6780000)
 Metaspace       used 34683K, capacity 35272K, committed 35416K, reserved 1079296K
  class space    used 4783K, capacity 4976K, committed 4992K, reserved 1048576K
}
Event: 4.339 GC heap before
{Heap before GC invocations=7 (full 2):
 PSYoungGen      total 138752K, used 10751K [0x00000000e0000000, 0x00000000eab00000, 0x0000000100000000)
  eden space 128000K, 0% used [0x00000000e0000000,0x00000000e0000000,0x00000000e7d00000)
  from space 10752K, 99% used [0x00000000e7d00000,0x00000000e877fc90,0x00000000e8780000)
  to   space 14336K, 0% used [0x00000000e9d00000,0x00000000e9d00000,0x00000000eab00000)
 ParOldGen       total 105984K, used 10913K [0x00000000a0000000, 0x00000000a6780000, 0x00000000e0000000)
  object space 105984K, 10% used [0x00000000a0000000,0x00000000a0aa8540,0x00000000a6780000)
 Metaspace       used 34683K, capacity 35272K, committed 35416K, reserved 1079296K
  class space    used 4783K, capacity 4976K, committed 4992K, reserved 1048576K
Event: 4.375 GC heap after
Heap after GC invocations=7 (full 2):
 PSYoungGen      total 138752K, used 0K [0x00000000e0000000, 0x00000000eab00000, 0x0000000100000000)
  eden space 128000K, 0% used [0x00000000e0000000,0x00000000e0000000,0x00000000e7d00000)
  from space 10752K, 0% used [0x00000000e7d00000,0x00000000e7d00000,0x00000000e8780000)
  to   space 14336K, 0% used [0x00000000e9d00000,0x00000000e9d00000,0x00000000eab00000)
 ParOldGen       total 105984K, used 19594K [0x00000000a0000000, 0x00000000a6780000, 0x00000000e0000000)
  object space 105984K, 18% used [0x00000000a0000000,0x00000000a1322bf8,0x00000000a6780000)
 Metaspace       used 34683K, capacity 35272K, committed 35416K, reserved 1079296K
  class space    used 4783K, capacity 4976K, committed 4992K, reserved 1048576K
}
Event: 5.665 GC heap before
{Heap before GC invocations=8 (full 2):
 PSYoungGen      total 138752K, used 128000K [0x00000000e0000000, 0x00000000eab00000, 0x0000000100000000)
  eden space 128000K, 100% used [0x00000000e0000000,0x00000000e7d00000,0x00000000e7d00000)
  from space 10752K, 0% used [0x00000000e7d00000,0x00000000e7d00000,0x00000000e8780000)
  to   space 14336K, 0% used [0x00000000e9d00000,0x00000000e9d00000,0x00000000eab00000)
 ParOldGen       total 105984K, used 19594K [0x00000000a0000000, 0x00000000a6780000, 0x00000000e0000000)
  object space 105984K, 18% used [0x00000000a0000000,0x00000000a1322bf8,0x00000000a6780000)
 Metaspace       used 42903K, capacity 43872K, committed 44120K, reserved 1087488K
  class space    used 5913K, capacity 6211K, committed 6272K, reserved 1048576K
Event: 5.676 GC heap after
Heap after GC invocations=8 (full 2):
 PSYoungGen      total 159232K, used 14140K [0x00000000e0000000, 0x00000000ece80000, 0x0000000100000000)
  eden space 144896K, 0% used [0x00000000e0000000,0x00000000e0000000,0x00000000e8d80000)
  from space 14336K, 98% used [0x00000000e9d00000,0x00000000eaacf318,0x00000000eab00000)
  to   space 15872K, 0% used [0x00000000e8d80000,0x00000000e8d80000,0x00000000e9d00000)
 ParOldGen       total 105984K, used 19602K [0x00000000a0000000, 0x00000000a6780000, 0x00000000e0000000)
  object space 105984K, 18% used [0x00000000a0000000,0x00000000a1324bf8,0x00000000a6780000)
 Metaspace       used 42903K, capacity 43872K, committed 44120K, reserved 1087488K
  class space    used 5913K, capacity 6211K, committed 6272K, reserved 1048576K
}

